0 info it worked if it ends with ok
1 verbose cli [ 'C:\\Program Files\\nodejs\\node.exe',
1 verbose cli   'C:\\Program Files\\nodejs\\node_modules\\npm\\bin\\npm-cli.js',
1 verbose cli   'install',
1 verbose cli   'speke' ]
2 info using npm@2.14.12
3 info using node@v4.2.6
4 verbose install initial load of C:\xampp\ichatmn-chat\package.json
5 warn package.json chat@0.0.1 license should be a valid SPDX license expression
6 verbose installManyTop reading scoped package data from C:\xampp\ichatmn-chat\node_modules\bower\package.json
7 verbose installManyTop reading scoped package data from C:\xampp\ichatmn-chat\node_modules\crypto\package.json
8 verbose installManyTop reading scoped package data from C:\xampp\ichatmn-chat\node_modules\curlrequest\package.json
9 verbose installManyTop reading scoped package data from C:\xampp\ichatmn-chat\node_modules\decode-passphrase\package.json
10 verbose installManyTop reading scoped package data from C:\xampp\ichatmn-chat\node_modules\delivery\package.json
11 verbose installManyTop reading scoped package data from C:\xampp\ichatmn-chat\node_modules\ejs\package.json
12 verbose installManyTop reading scoped package data from C:\xampp\ichatmn-chat\node_modules\encode-passphrase\package.json
13 verbose installManyTop reading scoped package data from C:\xampp\ichatmn-chat\node_modules\express\package.json
14 verbose installManyTop reading scoped package data from C:\xampp\ichatmn-chat\node_modules\fs\package.json
15 verbose installManyTop reading scoped package data from C:\xampp\ichatmn-chat\node_modules\mkdirp\package.json
16 verbose installManyTop reading scoped package data from C:\xampp\ichatmn-chat\node_modules\multer\package.json
17 verbose installManyTop reading scoped package data from C:\xampp\ichatmn-chat\node_modules\node-uuid\package.json
18 verbose installManyTop reading scoped package data from C:\xampp\ichatmn-chat\node_modules\nodemon\package.json
19 verbose installManyTop reading scoped package data from C:\xampp\ichatmn-chat\node_modules\npid\package.json
20 verbose installManyTop reading scoped package data from C:\xampp\ichatmn-chat\node_modules\request\package.json
21 verbose installManyTop reading scoped package data from C:\xampp\ichatmn-chat\node_modules\secrets.js\package.json
22 verbose installManyTop reading scoped package data from C:\xampp\ichatmn-chat\node_modules\shrinkwrap\package.json
23 verbose installManyTop reading scoped package data from C:\xampp\ichatmn-chat\node_modules\socket.io\package.json
24 verbose installManyTop reading scoped package data from C:\xampp\ichatmn-chat\node_modules\sqlite3\package.json
25 verbose installManyTop reading scoped package data from C:\xampp\ichatmn-chat\node_modules\underscore\package.json
26 verbose installManyTop reading scoped package data from C:\xampp\ichatmn-chat\node_modules\url\package.json
27 info package.json bower@1.2.8 No license field.
28 info package.json crypto@0.0.3 crypto is also the name of a node core module.
29 info package.json crypto@0.0.3 No license field.
30 info package.json curlrequest@0.5.4 No license field.
31 info package.json ejs@0.8.8 No license field.
32 info package.json fs@0.0.2 fs is also the name of a node core module.
33 info package.json fs@0.0.2 No description
34 info package.json fs@0.0.2 No repository field.
35 info package.json node-uuid@1.4.3 No license field.
36 info package.json nodemon@1.0.20 No license field.
37 info package.json npid@0.4.0 No license field.
38 info package.json secrets.js@0.1.8 No license field.
39 info package.json socket.io@0.9.17 No license field.
40 info package.json underscore@1.5.2 No license field.
41 info package.json url@0.11.0 url is also the name of a node core module.
42 info package.json delivery@0.0.3 No license field.
43 verbose readDependencies loading dependencies from C:\xampp\ichatmn-chat\package.json
44 verbose readDependencies npm-shrinkwrap.json is overriding dependencies
45 info shrinkwrap file "C:\\xampp\\ichatmn-chat\\npm-shrinkwrap.json"
46 verbose readDependencies returned deps { ejs: 'https://registry.npmjs.org/ejs/-/ejs-0.8.8.tgz',
46 verbose readDependencies returned deps   express: '3.4.8',
46 verbose readDependencies returned deps   'node-uuid': 'https://registry.npmjs.org/node-uuid/-/node-uuid-1.4.3.tgz',
46 verbose readDependencies returned deps   nodemon: 'https://registry.npmjs.org/nodemon/-/nodemon-1.0.20.tgz',
46 verbose readDependencies returned deps   npid: '0.4.0',
46 verbose readDependencies returned deps   'socket.io': 'https://registry.npmjs.org/socket.io/-/socket.io-0.9.17.tgz',
46 verbose readDependencies returned deps   shrinkwrap: '0.0.3',
46 verbose readDependencies returned deps   underscore: '1.5.2',
46 verbose readDependencies returned deps   bower: '1.2.8' }
47 silly cache add args [ 'speke', null ]
48 verbose cache add spec speke
49 silly cache add parsed spec Result {
49 silly cache add   raw: 'speke',
49 silly cache add   scope: null,
49 silly cache add   name: 'speke',
49 silly cache add   rawSpec: '',
49 silly cache add   spec: 'latest',
49 silly cache add   type: 'tag' }
50 silly addNamed speke@latest
51 verbose addNamed "latest" is being treated as a dist-tag for speke
52 info addNameTag [ 'speke', 'latest' ]
53 silly mapToRegistry name speke
54 silly mapToRegistry using default registry
55 silly mapToRegistry registry https://registry.npmjs.org/
56 silly mapToRegistry uri https://registry.npmjs.org/speke
57 verbose addNameTag registry:https://registry.npmjs.org/speke not in flight; fetching
58 verbose request uri https://registry.npmjs.org/speke
59 verbose request no auth needed
60 info attempt registry request try #1 at 10:35:30 AM
61 verbose request id d2d8de58f5b0d7f8
62 verbose etag "64L87NDW2TYPP2YPGKQ6G253G"
63 http request GET https://registry.npmjs.org/speke
64 http 304 https://registry.npmjs.org/speke
65 verbose headers { date: 'Fri, 22 Jan 2016 02:35:24 GMT',
65 verbose headers   via: '1.1 varnish',
65 verbose headers   'cache-control': 'max-age=300',
65 verbose headers   etag: '"64L87NDW2TYPP2YPGKQ6G253G"',
65 verbose headers   age: '52',
65 verbose headers   connection: 'keep-alive',
65 verbose headers   'x-served-by': 'cache-sjc3132-SJC',
65 verbose headers   'x-cache': 'HIT',
65 verbose headers   'x-cache-hits': '1',
65 verbose headers   'x-timer': 'S1453430124.582915,VS0,VE1',
65 verbose headers   vary: 'Accept' }
66 silly get cb [ 304,
66 silly get   { date: 'Fri, 22 Jan 2016 02:35:24 GMT',
66 silly get     via: '1.1 varnish',
66 silly get     'cache-control': 'max-age=300',
66 silly get     etag: '"64L87NDW2TYPP2YPGKQ6G253G"',
66 silly get     age: '52',
66 silly get     connection: 'keep-alive',
66 silly get     'x-served-by': 'cache-sjc3132-SJC',
66 silly get     'x-cache': 'HIT',
66 silly get     'x-cache-hits': '1',
66 silly get     'x-timer': 'S1453430124.582915,VS0,VE1',
66 silly get     vary: 'Accept' } ]
67 verbose etag https://registry.npmjs.org/speke from cache
68 verbose get saving speke to C:\Users\PSC31\AppData\Roaming\npm-cache\registry.npmjs.org\speke\.cache.json
69 silly addNameTag next cb for speke with tag latest
70 silly addNamed speke@0.0.3
71 verbose addNamed "0.0.3" is a plain semver version for speke
72 silly cache afterAdd speke@0.0.3
73 verbose afterAdd C:\Users\PSC31\AppData\Roaming\npm-cache\speke\0.0.3\package\package.json not in flight; writing
74 verbose afterAdd C:\Users\PSC31\AppData\Roaming\npm-cache\speke\0.0.3\package\package.json written
75 silly install resolved [ { name: 'speke',
75 silly install resolved     version: '0.0.3',
75 silly install resolved     description: 'Simple Password Exponential Key Exchange for Node.js. Resistant to MITM, unlike vanilla Diffie-Hellman',
75 silly install resolved     main: './index.js',
75 silly install resolved     repository: { type: 'git', url: 'git://github.com/shovon/node-speke.git' },
75 silly install resolved     keywords:
75 silly install resolved      [ 'speke',
75 silly install resolved        'diffiehellman',
75 silly install resolved        'mitrmaresistant',
75 silly install resolved        'keyexchange',
75 silly install resolved        'publickeycryptography',
75 silly install resolved        'pake',
75 silly install resolved        'cryptography' ],
75 silly install resolved     author:
75 silly install resolved      { name: 'Salehen Shovon Rahman',
75 silly install resolved        email: 'sal@linux.com',
75 silly install resolved        url: 'http://shovon.github.io' },
75 silly install resolved     scripts: { test: './node_modules/mocha/bin/mocha test.js' },
75 silly install resolved     dependencies: { bignum: '^0.9.2' },
75 silly install resolved     devDependencies: { mocha: '~1.18.2' },
75 silly install resolved     gitHead: '98d85021b8259095a2ddd09bbd5dcf8b75c9087c',
75 silly install resolved     bugs: { url: 'https://github.com/shovon/node-speke/issues' },
75 silly install resolved     homepage: 'https://github.com/shovon/node-speke',
75 silly install resolved     _id: 'speke@0.0.3',
75 silly install resolved     _shasum: '6dd08106ae1d156f9c326235d6e7517154b4ad47',
75 silly install resolved     _from: 'speke@latest',
75 silly install resolved     _npmVersion: '2.5.1',
75 silly install resolved     _nodeVersion: '1.2.0',
75 silly install resolved     _npmUser: { name: 'shovon', email: 'sal@linux.com' },
75 silly install resolved     maintainers: [ [Object] ],
75 silly install resolved     dist:
75 silly install resolved      { shasum: '6dd08106ae1d156f9c326235d6e7517154b4ad47',
75 silly install resolved        tarball: 'http://registry.npmjs.org/speke/-/speke-0.0.3.tgz' },
75 silly install resolved     directories: {},
75 silly install resolved     _resolved: 'https://registry.npmjs.org/speke/-/speke-0.0.3.tgz',
75 silly install resolved     readme: 'ERROR: No README data found!' } ]
76 info install speke@0.0.3 into C:\xampp\ichatmn-chat
77 info installOne speke@0.0.3
78 verbose installOne of speke to C:\xampp\ichatmn-chat not in flight; installing
79 verbose lock using C:\Users\PSC31\AppData\Roaming\npm-cache\_locks\speke-3e56fe8aea628c33.lock for C:\xampp\ichatmn-chat\node_modules\speke
80 silly install write writing speke 0.0.3 to C:\xampp\ichatmn-chat\node_modules\speke
81 verbose unbuild node_modules\speke
82 silly gentlyRm C:\xampp\ichatmn-chat\node_modules\speke is being purged from base C:\xampp\ichatmn-chat
83 verbose gentlyRm don't care about contents; nuking C:\xampp\ichatmn-chat\node_modules\speke
84 verbose tar unpack C:\Users\PSC31\AppData\Roaming\npm-cache\speke\0.0.3\package.tgz
85 verbose tar unpacking to C:\xampp\ichatmn-chat\node_modules\speke
86 silly gentlyRm C:\xampp\ichatmn-chat\node_modules\speke is being purged
87 verbose gentlyRm don't care about contents; nuking C:\xampp\ichatmn-chat\node_modules\speke
88 silly gunzTarPerm modes [ '777', '666' ]
89 silly gunzTarPerm extractEntry package.json
90 silly gunzTarPerm modified mode [ 'package.json', 420, 438 ]
91 silly gunzTarPerm extractEntry .npmignore
92 silly gunzTarPerm modified mode [ '.npmignore', 420, 438 ]
93 silly gunzTarPerm extractEntry README.md
94 silly gunzTarPerm modified mode [ 'README.md', 420, 438 ]
95 silly gunzTarPerm extractEntry index.js
96 silly gunzTarPerm modified mode [ 'index.js', 420, 438 ]
97 silly gunzTarPerm extractEntry test.js
98 silly gunzTarPerm modified mode [ 'test.js', 420, 438 ]
99 silly gunzTarPerm extractEntry .travis.yml
100 silly gunzTarPerm modified mode [ '.travis.yml', 420, 438 ]
101 verbose write writing to C:\xampp\ichatmn-chat\node_modules\speke\package.json
102 info preinstall speke@0.0.3
103 verbose readDependencies loading dependencies from C:\xampp\ichatmn-chat\node_modules\speke\package.json
104 silly prepareForInstallMany adding bignum@^0.9.2 from speke dependencies
105 verbose readDependencies loading dependencies from C:\xampp\ichatmn-chat\node_modules\speke\package.json
106 silly cache add args [ 'bignum@^0.9.2', null ]
107 verbose cache add spec bignum@^0.9.2
108 silly cache add parsed spec Result {
108 silly cache add   raw: 'bignum@^0.9.2',
108 silly cache add   scope: null,
108 silly cache add   name: 'bignum',
108 silly cache add   rawSpec: '^0.9.2',
108 silly cache add   spec: '>=0.9.2 <0.10.0',
108 silly cache add   type: 'range' }
109 silly addNamed bignum@>=0.9.2 <0.10.0
110 verbose addNamed ">=0.9.2 <0.10.0" is a valid semver range for bignum
111 silly addNameRange { name: 'bignum', range: '>=0.9.2 <0.10.0', hasData: false }
112 silly mapToRegistry name bignum
113 silly mapToRegistry using default registry
114 silly mapToRegistry registry https://registry.npmjs.org/
115 silly mapToRegistry uri https://registry.npmjs.org/bignum
116 verbose addNameRange registry:https://registry.npmjs.org/bignum not in flight; fetching
117 verbose request uri https://registry.npmjs.org/bignum
118 verbose request no auth needed
119 info attempt registry request try #1 at 10:35:31 AM
120 verbose etag "7T7KES5582LULEAGJMAC8THOC"
121 http request GET https://registry.npmjs.org/bignum
122 http 304 https://registry.npmjs.org/bignum
123 verbose headers { date: 'Fri, 22 Jan 2016 02:35:25 GMT',
123 verbose headers   via: '1.1 varnish',
123 verbose headers   'cache-control': 'max-age=300',
123 verbose headers   etag: '"7T7KES5582LULEAGJMAC8THOC"',
123 verbose headers   age: '107',
123 verbose headers   connection: 'keep-alive',
123 verbose headers   'x-served-by': 'cache-sjc3122-SJC',
123 verbose headers   'x-cache': 'HIT',
123 verbose headers   'x-cache-hits': '1',
123 verbose headers   'x-timer': 'S1453430125.336837,VS0,VE0',
123 verbose headers   vary: 'Accept' }
124 silly get cb [ 304,
124 silly get   { date: 'Fri, 22 Jan 2016 02:35:25 GMT',
124 silly get     via: '1.1 varnish',
124 silly get     'cache-control': 'max-age=300',
124 silly get     etag: '"7T7KES5582LULEAGJMAC8THOC"',
124 silly get     age: '107',
124 silly get     connection: 'keep-alive',
124 silly get     'x-served-by': 'cache-sjc3122-SJC',
124 silly get     'x-cache': 'HIT',
124 silly get     'x-cache-hits': '1',
124 silly get     'x-timer': 'S1453430125.336837,VS0,VE0',
124 silly get     vary: 'Accept' } ]
125 verbose etag https://registry.npmjs.org/bignum from cache
126 verbose get saving bignum to C:\Users\PSC31\AppData\Roaming\npm-cache\registry.npmjs.org\bignum\.cache.json
127 silly addNameRange number 2 { name: 'bignum', range: '>=0.9.2 <0.10.0', hasData: true }
128 silly addNameRange versions [ 'bignum',
128 silly addNameRange   [ '0.4.0',
128 silly addNameRange     '0.4.1',
128 silly addNameRange     '0.5.0',
128 silly addNameRange     '0.5.1',
128 silly addNameRange     '0.5.2',
128 silly addNameRange     '0.5.3',
128 silly addNameRange     '0.5.4',
128 silly addNameRange     '0.6.0',
128 silly addNameRange     '0.6.1',
128 silly addNameRange     '0.6.2',
128 silly addNameRange     '0.7.0',
128 silly addNameRange     '0.8.0',
128 silly addNameRange     '0.9.0',
128 silly addNameRange     '0.9.1',
128 silly addNameRange     '0.9.2',
128 silly addNameRange     '0.9.3',
128 silly addNameRange     '0.10.0',
128 silly addNameRange     '0.10.1',
128 silly addNameRange     '0.10.2',
128 silly addNameRange     '0.11.0' ] ]
129 silly addNamed bignum@0.9.3
130 verbose addNamed "0.9.3" is a plain semver version for bignum
131 silly cache afterAdd bignum@0.9.3
132 verbose afterAdd C:\Users\PSC31\AppData\Roaming\npm-cache\bignum\0.9.3\package\package.json not in flight; writing
133 verbose afterAdd C:\Users\PSC31\AppData\Roaming\npm-cache\bignum\0.9.3\package\package.json written
134 silly install resolved [ { name: 'bignum',
134 silly install resolved     version: '0.9.3',
134 silly install resolved     description: 'Arbitrary-precision integer arithmetic using OpenSSL',
134 silly install resolved     main: './index.js',
134 silly install resolved     repository:
134 silly install resolved      { type: 'git',
134 silly install resolved        url: 'git+ssh://git@github.com/justmoon/node-bignum.git' },
134 silly install resolved     keywords:
134 silly install resolved      [ 'openssl',
134 silly install resolved        'big',
134 silly install resolved        'bignum',
134 silly install resolved        'bigint',
134 silly install resolved        'integer',
134 silly install resolved        'arithmetic',
134 silly install resolved        'precision' ],
134 silly install resolved     author:
134 silly install resolved      { name: 'Stefan Thomas',
134 silly install resolved        email: 'justmoon@members.fsf.org',
134 silly install resolved        url: 'http://www.justmoon.net' },
134 silly install resolved     dependencies: { nan: '~1.8.4' },
134 silly install resolved     devDependencies: { expresso: '>=0.6.0', binary: '>=0.1.7', put: '>=0.0.5' },
134 silly install resolved     license: 'MIT/X11',
134 silly install resolved     engine: { node: '>=0.8.0' },
134 silly install resolved     scripts: { install: 'node-gyp configure build', test: 'expresso' },
134 silly install resolved     contributors: [ [Object] ],
134 silly install resolved     gitHead: '290721dae953cbfd65f0d064f38a8c72eb51dfcb',
134 silly install resolved     bugs: { url: 'https://github.com/justmoon/node-bignum/issues' },
134 silly install resolved     homepage: 'https://github.com/justmoon/node-bignum#readme',
134 silly install resolved     _id: 'bignum@0.9.3',
134 silly install resolved     _shasum: 'e001a3a96a436f2d2342fe8506f985296b49060c',
134 silly install resolved     _from: 'bignum@>=0.9.2 <0.10.0',
134 silly install resolved     _npmVersion: '2.9.0',
134 silly install resolved     _nodeVersion: '2.0.0',
134 silly install resolved     _npmUser: { name: 'rvagg', email: 'rod@vagg.org' },
134 silly install resolved     maintainers: [ [Object], [Object], [Object] ],
134 silly install resolved     dist:
134 silly install resolved      { shasum: 'e001a3a96a436f2d2342fe8506f985296b49060c',
134 silly install resolved        tarball: 'http://registry.npmjs.org/bignum/-/bignum-0.9.3.tgz' },
134 silly install resolved     directories: {},
134 silly install resolved     _resolved: 'https://registry.npmjs.org/bignum/-/bignum-0.9.3.tgz',
134 silly install resolved     readme: 'ERROR: No README data found!' } ]
135 info install bignum@0.9.3 into C:\xampp\ichatmn-chat\node_modules\speke
136 info installOne bignum@0.9.3
137 verbose installOne of bignum to C:\xampp\ichatmn-chat\node_modules\speke not in flight; installing
138 verbose lock using C:\Users\PSC31\AppData\Roaming\npm-cache\_locks\bignum-25cf93ba4c635625.lock for C:\xampp\ichatmn-chat\node_modules\speke\node_modules\bignum
139 silly install write writing bignum 0.9.3 to C:\xampp\ichatmn-chat\node_modules\speke\node_modules\bignum
140 verbose unbuild node_modules\speke\node_modules\bignum
141 silly gentlyRm C:\xampp\ichatmn-chat\node_modules\speke\node_modules\bignum is being purged from base C:\xampp\ichatmn-chat
142 verbose gentlyRm don't care about contents; nuking C:\xampp\ichatmn-chat\node_modules\speke\node_modules\bignum
143 verbose tar unpack C:\Users\PSC31\AppData\Roaming\npm-cache\bignum\0.9.3\package.tgz
144 verbose tar unpacking to C:\xampp\ichatmn-chat\node_modules\speke\node_modules\bignum
145 silly gentlyRm C:\xampp\ichatmn-chat\node_modules\speke\node_modules\bignum is being purged
146 verbose gentlyRm don't care about contents; nuking C:\xampp\ichatmn-chat\node_modules\speke\node_modules\bignum
147 silly gunzTarPerm modes [ '777', '666' ]
148 silly gunzTarPerm extractEntry package.json
149 silly gunzTarPerm modified mode [ 'package.json', 420, 438 ]
150 silly gunzTarPerm extractEntry .npmignore
151 silly gunzTarPerm modified mode [ '.npmignore', 420, 438 ]
152 silly gunzTarPerm extractEntry index.js
153 silly gunzTarPerm modified mode [ 'index.js', 420, 438 ]
154 silly gunzTarPerm extractEntry binding.gyp
155 silly gunzTarPerm modified mode [ 'binding.gyp', 420, 438 ]
156 silly gunzTarPerm extractEntry README.markdown
157 silly gunzTarPerm modified mode [ 'README.markdown', 420, 438 ]
158 silly gunzTarPerm extractEntry bignum.cc
159 silly gunzTarPerm modified mode [ 'bignum.cc', 420, 438 ]
160 silly gunzTarPerm extractEntry examples/gen.js
161 silly gunzTarPerm modified mode [ 'examples/gen.js', 420, 438 ]
162 silly gunzTarPerm extractEntry examples/perfect.js
163 silly gunzTarPerm modified mode [ 'examples/perfect.js', 420, 438 ]
164 silly gunzTarPerm extractEntry examples/simple.js
165 silly gunzTarPerm modified mode [ 'examples/simple.js', 420, 438 ]
166 silly gunzTarPerm extractEntry .dntrc
167 silly gunzTarPerm modified mode [ '.dntrc', 420, 438 ]
168 silly gunzTarPerm extractEntry .travis.yml
169 silly gunzTarPerm modified mode [ '.travis.yml', 420, 438 ]
170 silly gunzTarPerm extractEntry test/big.js
171 silly gunzTarPerm modified mode [ 'test/big.js', 420, 438 ]
172 silly gunzTarPerm extractEntry test/buf.js
173 silly gunzTarPerm modified mode [ 'test/buf.js', 420, 438 ]
174 silly gunzTarPerm extractEntry test/seed.js
175 silly gunzTarPerm modified mode [ 'test/seed.js', 420, 438 ]
176 silly gunzTarPerm extractEntry test/wincrash.js
177 silly gunzTarPerm modified mode [ 'test/wincrash.js', 420, 438 ]
178 verbose write writing to C:\xampp\ichatmn-chat\node_modules\speke\node_modules\bignum\package.json
179 info preinstall bignum@0.9.3
180 verbose readDependencies loading dependencies from C:\xampp\ichatmn-chat\node_modules\speke\node_modules\bignum\package.json
181 silly prepareForInstallMany adding nan@~1.8.4 from bignum dependencies
182 verbose readDependencies loading dependencies from C:\xampp\ichatmn-chat\node_modules\speke\node_modules\bignum\package.json
183 silly cache add args [ 'nan@~1.8.4', null ]
184 verbose cache add spec nan@~1.8.4
185 silly cache add parsed spec Result {
185 silly cache add   raw: 'nan@~1.8.4',
185 silly cache add   scope: null,
185 silly cache add   name: 'nan',
185 silly cache add   rawSpec: '~1.8.4',
185 silly cache add   spec: '>=1.8.4 <1.9.0',
185 silly cache add   type: 'range' }
186 silly addNamed nan@>=1.8.4 <1.9.0
187 verbose addNamed ">=1.8.4 <1.9.0" is a valid semver range for nan
188 silly addNameRange { name: 'nan', range: '>=1.8.4 <1.9.0', hasData: false }
189 silly mapToRegistry name nan
190 silly mapToRegistry using default registry
191 silly mapToRegistry registry https://registry.npmjs.org/
192 silly mapToRegistry uri https://registry.npmjs.org/nan
193 verbose addNameRange registry:https://registry.npmjs.org/nan not in flight; fetching
194 verbose request uri https://registry.npmjs.org/nan
195 verbose request no auth needed
196 info attempt registry request try #1 at 10:35:31 AM
197 verbose etag "798MRG5PQ3TIGV0CLUOSQMVAG"
198 http request GET https://registry.npmjs.org/nan
199 http 304 https://registry.npmjs.org/nan
200 verbose headers { date: 'Fri, 22 Jan 2016 02:35:26 GMT',
200 verbose headers   via: '1.1 varnish',
200 verbose headers   'cache-control': 'max-age=300',
200 verbose headers   etag: '"798MRG5PQ3TIGV0CLUOSQMVAG"',
200 verbose headers   age: '58',
200 verbose headers   connection: 'keep-alive',
200 verbose headers   'x-served-by': 'cache-sjc3123-SJC',
200 verbose headers   'x-cache': 'HIT',
200 verbose headers   'x-cache-hits': '394',
200 verbose headers   'x-timer': 'S1453430126.061252,VS0,VE0',
200 verbose headers   vary: 'Accept' }
201 silly get cb [ 304,
201 silly get   { date: 'Fri, 22 Jan 2016 02:35:26 GMT',
201 silly get     via: '1.1 varnish',
201 silly get     'cache-control': 'max-age=300',
201 silly get     etag: '"798MRG5PQ3TIGV0CLUOSQMVAG"',
201 silly get     age: '58',
201 silly get     connection: 'keep-alive',
201 silly get     'x-served-by': 'cache-sjc3123-SJC',
201 silly get     'x-cache': 'HIT',
201 silly get     'x-cache-hits': '394',
201 silly get     'x-timer': 'S1453430126.061252,VS0,VE0',
201 silly get     vary: 'Accept' } ]
202 verbose etag https://registry.npmjs.org/nan from cache
203 verbose get saving nan to C:\Users\PSC31\AppData\Roaming\npm-cache\registry.npmjs.org\nan\.cache.json
204 silly addNameRange number 2 { name: 'nan', range: '>=1.8.4 <1.9.0', hasData: true }
205 silly addNameRange versions [ 'nan',
205 silly addNameRange   [ '0.3.0-wip',
205 silly addNameRange     '0.3.0-wip2',
205 silly addNameRange     '0.3.0',
205 silly addNameRange     '0.3.1',
205 silly addNameRange     '0.3.2',
205 silly addNameRange     '0.4.0',
205 silly addNameRange     '0.4.1',
205 silly addNameRange     '0.4.2',
205 silly addNameRange     '0.4.3',
205 silly addNameRange     '0.4.4',
205 silly addNameRange     '0.5.0',
205 silly addNameRange     '0.5.1',
205 silly addNameRange     '0.5.2',
205 silly addNameRange     '0.6.0',
205 silly addNameRange     '0.7.0',
205 silly addNameRange     '0.7.1',
205 silly addNameRange     '0.8.0',
205 silly addNameRange     '1.0.0',
205 silly addNameRange     '1.1.0',
205 silly addNameRange     '1.1.1',
205 silly addNameRange     '1.1.2',
205 silly addNameRange     '1.2.0',
205 silly addNameRange     '1.3.0',
205 silly addNameRange     '1.4.0',
205 silly addNameRange     '1.4.1',
205 silly addNameRange     '1.5.0',
205 silly addNameRange     '1.4.2',
205 silly addNameRange     '1.4.3',
205 silly addNameRange     '1.5.1',
205 silly addNameRange     '1.5.2',
205 silly addNameRange     '1.6.0',
205 silly addNameRange     '1.5.3',
205 silly addNameRange     '1.6.1',
205 silly addNameRange     '1.6.2',
205 silly addNameRange     '1.7.0',
205 silly addNameRange     '1.8.0',
205 silly addNameRange     '1.8.1',
205 silly addNameRange     '1.8.2',
205 silly addNameRange     '1.8.3',
205 silly addNameRange     '1.8.4',
205 silly addNameRange     '1.9.0',
205 silly addNameRange     '2.0.0',
205 silly addNameRange     '2.0.1',
205 silly addNameRange     '2.0.2',
205 silly addNameRange     '2.0.3',
205 silly addNameRange     '2.0.4',
205 silly addNameRange     '2.0.5',
205 silly addNameRange     '2.0.6',
205 silly addNameRange     '2.0.7',
205 silly addNameRange     '2.0.8',
205 silly addNameRange     '2.0.9',
205 silly addNameRange     '2.1.0',
205 silly addNameRange     '2.2.0' ] ]
206 silly addNamed nan@1.8.4
207 verbose addNamed "1.8.4" is a plain semver version for nan
208 silly cache afterAdd nan@1.8.4
209 verbose afterAdd C:\Users\PSC31\AppData\Roaming\npm-cache\nan\1.8.4\package\package.json not in flight; writing
210 verbose afterAdd C:\Users\PSC31\AppData\Roaming\npm-cache\nan\1.8.4\package\package.json written
211 silly install resolved [ { name: 'nan',
211 silly install resolved     version: '1.8.4',
211 silly install resolved     description: 'Native Abstractions for Node.js: C++ header for Node 0.8->0.12 compatibility',
211 silly install resolved     main: 'include_dirs.js',
211 silly install resolved     repository: { type: 'git', url: 'git://github.com/iojs/nan.git' },
211 silly install resolved     scripts:
211 silly install resolved      { test: 'tap --gc test/js/*-test.js',
211 silly install resolved        'rebuild-tests': 'pangyp rebuild --directory test' },
211 silly install resolved     contributors:
211 silly install resolved      [ [Object],
211 silly install resolved        [Object],
211 silly install resolved        [Object],
211 silly install resolved        [Object],
211 silly install resolved        [Object],
211 silly install resolved        [Object],
211 silly install resolved        [Object] ],
211 silly install resolved     devDependencies:
211 silly install resolved      { bindings: '~1.2.1',
211 silly install resolved        'node-gyp': '~1.0.2',
211 silly install resolved        pangyp: '~2.0.1',
211 silly install resolved        tap: '~0.7.1',
211 silly install resolved        xtend: '~4.0.0' },
211 silly install resolved     license: 'MIT',
211 silly install resolved     gitHead: 'ed3bbf4ced0cf7937b4e4164766797f71aa97f3d',
211 silly install resolved     bugs: { url: 'https://github.com/iojs/nan/issues' },
211 silly install resolved     homepage: 'https://github.com/iojs/nan#readme',
211 silly install resolved     _id: 'nan@1.8.4',
211 silly install resolved     _shasum: '3c76b5382eab33e44b758d2813ca9d92e9342f34',
211 silly install resolved     _from: 'nan@>=1.8.4 <1.9.0',
211 silly install resolved     _npmVersion: '2.8.3',
211 silly install resolved     _nodeVersion: '0.12.2',
211 silly install resolved     _npmUser: { name: 'kkoopa', email: 'bbyholm@abo.fi' },
211 silly install resolved     maintainers: [ [Object], [Object] ],
211 silly install resolved     dist:
211 silly install resolved      { shasum: '3c76b5382eab33e44b758d2813ca9d92e9342f34',
211 silly install resolved        tarball: 'http://registry.npmjs.org/nan/-/nan-1.8.4.tgz' },
211 silly install resolved     directories: {},
211 silly install resolved     _resolved: 'https://registry.npmjs.org/nan/-/nan-1.8.4.tgz',
211 silly install resolved     readme: 'ERROR: No README data found!' } ]
212 info install nan@1.8.4 into C:\xampp\ichatmn-chat\node_modules\speke\node_modules\bignum
213 info installOne nan@1.8.4
214 verbose installOne of nan to C:\xampp\ichatmn-chat\node_modules\speke\node_modules\bignum not in flight; installing
215 verbose lock using C:\Users\PSC31\AppData\Roaming\npm-cache\_locks\nan-03c6991286951879.lock for C:\xampp\ichatmn-chat\node_modules\speke\node_modules\bignum\node_modules\nan
216 silly install write writing nan 1.8.4 to C:\xampp\ichatmn-chat\node_modules\speke\node_modules\bignum\node_modules\nan
217 verbose unbuild node_modules\speke\node_modules\bignum\node_modules\nan
218 silly gentlyRm C:\xampp\ichatmn-chat\node_modules\speke\node_modules\bignum\node_modules\nan is being purged from base C:\xampp\ichatmn-chat
219 verbose gentlyRm don't care about contents; nuking C:\xampp\ichatmn-chat\node_modules\speke\node_modules\bignum\node_modules\nan
220 verbose tar unpack C:\Users\PSC31\AppData\Roaming\npm-cache\nan\1.8.4\package.tgz
221 verbose tar unpacking to C:\xampp\ichatmn-chat\node_modules\speke\node_modules\bignum\node_modules\nan
222 silly gentlyRm C:\xampp\ichatmn-chat\node_modules\speke\node_modules\bignum\node_modules\nan is being purged
223 verbose gentlyRm don't care about contents; nuking C:\xampp\ichatmn-chat\node_modules\speke\node_modules\bignum\node_modules\nan
224 silly gunzTarPerm modes [ '777', '666' ]
225 silly gunzTarPerm extractEntry package.json
226 silly gunzTarPerm modified mode [ 'package.json', 436, 438 ]
227 silly gunzTarPerm extractEntry README.md
228 silly gunzTarPerm modified mode [ 'README.md', 436, 438 ]
229 silly gunzTarPerm extractEntry include_dirs.js
230 silly gunzTarPerm modified mode [ 'include_dirs.js', 436, 438 ]
231 silly gunzTarPerm extractEntry LICENSE.md
232 silly gunzTarPerm modified mode [ 'LICENSE.md', 436, 438 ]
233 silly gunzTarPerm extractEntry .dntrc
234 silly gunzTarPerm modified mode [ '.dntrc', 436, 438 ]
235 silly gunzTarPerm extractEntry appveyor.yml
236 silly gunzTarPerm modified mode [ 'appveyor.yml', 436, 438 ]
237 silly gunzTarPerm extractEntry nan.h
238 silly gunzTarPerm modified mode [ 'nan.h', 436, 438 ]
239 silly gunzTarPerm extractEntry nan_implementation_12_inl.h
240 silly gunzTarPerm modified mode [ 'nan_implementation_12_inl.h', 436, 438 ]
241 silly gunzTarPerm extractEntry nan_implementation_pre_12_inl.h
242 silly gunzTarPerm modified mode [ 'nan_implementation_pre_12_inl.h', 436, 438 ]
243 silly gunzTarPerm extractEntry nan_new.h
244 silly gunzTarPerm modified mode [ 'nan_new.h', 436, 438 ]
245 silly gunzTarPerm extractEntry nan_string_bytes.h
246 silly gunzTarPerm modified mode [ 'nan_string_bytes.h', 436, 438 ]
247 silly gunzTarPerm extractEntry CHANGELOG.md
248 silly gunzTarPerm modified mode [ 'CHANGELOG.md', 436, 438 ]
249 verbose write writing to C:\xampp\ichatmn-chat\node_modules\speke\node_modules\bignum\node_modules\nan\package.json
250 info preinstall nan@1.8.4
251 verbose readDependencies loading dependencies from C:\xampp\ichatmn-chat\node_modules\speke\node_modules\bignum\node_modules\nan\package.json
252 verbose readDependencies loading dependencies from C:\xampp\ichatmn-chat\node_modules\speke\node_modules\bignum\node_modules\nan\package.json
253 silly install resolved []
254 verbose about to build C:\xampp\ichatmn-chat\node_modules\speke\node_modules\bignum\node_modules\nan
255 info build C:\xampp\ichatmn-chat\node_modules\speke\node_modules\bignum\node_modules\nan
256 info linkStuff nan@1.8.4
257 silly linkStuff nan@1.8.4 has C:\xampp\ichatmn-chat\node_modules\speke\node_modules\bignum\node_modules as its parent node_modules
258 verbose linkBins nan@1.8.4
259 verbose linkMans nan@1.8.4
260 verbose rebuildBundles nan@1.8.4
261 info install nan@1.8.4
262 info postinstall nan@1.8.4
263 verbose unlock done using C:\Users\PSC31\AppData\Roaming\npm-cache\_locks\nan-03c6991286951879.lock for C:\xampp\ichatmn-chat\node_modules\speke\node_modules\bignum\node_modules\nan
264 verbose about to build C:\xampp\ichatmn-chat\node_modules\speke\node_modules\bignum
265 info build C:\xampp\ichatmn-chat\node_modules\speke\node_modules\bignum
266 info linkStuff bignum@0.9.3
267 silly linkStuff bignum@0.9.3 has C:\xampp\ichatmn-chat\node_modules\speke\node_modules as its parent node_modules
268 verbose linkBins bignum@0.9.3
269 verbose linkMans bignum@0.9.3
270 verbose rebuildBundles bignum@0.9.3
271 verbose rebuildBundles [ 'nan' ]
272 info install bignum@0.9.3
273 verbose unsafe-perm in lifecycle true
274 info bignum@0.9.3 Failed to exec install script
275 verbose unlock done using C:\Users\PSC31\AppData\Roaming\npm-cache\_locks\bignum-25cf93ba4c635625.lock for C:\xampp\ichatmn-chat\node_modules\speke\node_modules\bignum
276 verbose about to build C:\xampp\ichatmn-chat\node_modules\speke
277 verbose unlock done using C:\Users\PSC31\AppData\Roaming\npm-cache\_locks\speke-3e56fe8aea628c33.lock for C:\xampp\ichatmn-chat\node_modules\speke
278 verbose stack Error: bignum@0.9.3 install: `node-gyp configure build`
278 verbose stack Exit status 1
278 verbose stack     at EventEmitter.<anonymous> (C:\Program Files\nodejs\node_modules\npm\lib\utils\lifecycle.js:214:16)
278 verbose stack     at emitTwo (events.js:87:13)
278 verbose stack     at EventEmitter.emit (events.js:172:7)
278 verbose stack     at ChildProcess.<anonymous> (C:\Program Files\nodejs\node_modules\npm\lib\utils\spawn.js:24:14)
278 verbose stack     at emitTwo (events.js:87:13)
278 verbose stack     at ChildProcess.emit (events.js:172:7)
278 verbose stack     at maybeClose (internal/child_process.js:821:16)
278 verbose stack     at Process.ChildProcess._handle.onexit (internal/child_process.js:211:5)
279 verbose pkgid bignum@0.9.3
280 verbose cwd C:\xampp\ichatmn-chat
281 error Windows_NT 6.1.7601
282 error argv "C:\\Program Files\\nodejs\\node.exe" "C:\\Program Files\\nodejs\\node_modules\\npm\\bin\\npm-cli.js" "install" "speke"
283 error node v4.2.6
284 error npm  v2.14.12
285 error code ELIFECYCLE
286 error bignum@0.9.3 install: `node-gyp configure build`
286 error Exit status 1
287 error Failed at the bignum@0.9.3 install script 'node-gyp configure build'.
287 error This is most likely a problem with the bignum package,
287 error not with npm itself.
287 error Tell the author that this fails on your system:
287 error     node-gyp configure build
287 error You can get their info via:
287 error     npm owner ls bignum
287 error There is likely additional logging output above.
288 verbose exit [ 1, true ]
289 verbose unbuild node_modules\speke\node_modules\bignum
290 info preuninstall bignum@0.9.3
291 info uninstall bignum@0.9.3
292 verbose unbuild rmStuff bignum@0.9.3 from C:\xampp\ichatmn-chat\node_modules
293 verbose unbuild rmStuff in C:\xampp\ichatmn-chat\node_modules\speke\node_modules
294 info postuninstall bignum@0.9.3
295 silly gentlyRm C:\xampp\ichatmn-chat\node_modules\speke\node_modules\bignum is being purged from base C:\xampp\ichatmn-chat
296 verbose gentlyRm don't care about contents; nuking C:\xampp\ichatmn-chat\node_modules\speke\node_modules\bignum
297 silly vacuum-fs purging C:\xampp\ichatmn-chat\node_modules\speke\node_modules\bignum
298 silly vacuum-fs removing C:\xampp\ichatmn-chat\node_modules\speke\node_modules
299 silly vacuum-fs quitting because other entries in C:\xampp\ichatmn-chat\node_modules\speke
300 verbose unbuild node_modules\speke
301 info preuninstall speke@0.0.3
302 info uninstall speke@0.0.3
303 verbose unbuild rmStuff speke@0.0.3 from C:\xampp\ichatmn-chat\node_modules
304 info postuninstall speke@0.0.3
305 silly gentlyRm C:\xampp\ichatmn-chat\node_modules\speke is being purged from base C:\xampp\ichatmn-chat
306 verbose gentlyRm don't care about contents; nuking C:\xampp\ichatmn-chat\node_modules\speke
307 silly vacuum-fs purging C:\xampp\ichatmn-chat\node_modules\speke
308 silly vacuum-fs quitting because other entries in C:\xampp\ichatmn-chat\node_modules
